2019-04-01 21:34:32  [ Forwarding newSession on session null to remote:0 ] - [ DEBUG ]  CookieSpec selected: default
2019-04-01 21:34:32  [ Forwarding newSession on session null to remote:24 ] - [ DEBUG ]  Auth cache not set in the context
2019-04-01 21:34:32  [ Forwarding newSession on session null to remote:27 ] - [ DEBUG ]  Connection request: [route: {}->http://localhost:34631][total kept alive: 0; route allocated: 0 of 2000; total allocated: 0 of 2000]
2019-04-01 21:34:32  [ Forwarding newSession on session null to remote:43 ] - [ DEBUG ]  Connection leased: [id: 0][route: {}->http://localhost:34631][total kept alive: 0; route allocated: 1 of 2000; total allocated: 1 of 2000]
2019-04-01 21:34:32  [ Forwarding newSession on session null to remote:45 ] - [ DEBUG ]  Opening connection {}->http://localhost:34631
2019-04-01 21:34:32  [ Forwarding newSession on session null to remote:47 ] - [ DEBUG ]  Connecting to localhost/127.0.0.1:34631
2019-04-01 21:34:32  [ Forwarding newSession on session null to remote:50 ] - [ DEBUG ]  Connection established 127.0.0.1:49868<->127.0.0.1:34631
2019-04-01 21:34:32  [ Forwarding newSession on session null to remote:50 ] - [ DEBUG ]  http-outgoing-0: set socket timeout to 10800000
2019-04-01 21:34:32  [ Forwarding newSession on session null to remote:50 ] - [ DEBUG ]  Executing request POST /session HTTP/1.1
2019-04-01 21:34:32  [ Forwarding newSession on session null to remote:51 ] - [ DEBUG ]  Target auth state: UNCHALLENGED
2019-04-01 21:34:32  [ Forwarding newSession on session null to remote:52 ] - [ DEBUG ]  Proxy auth state: UNCHALLENGED
2019-04-01 21:34:32  [ Forwarding newSession on session null to remote:54 ] - [ DEBUG ]  http-outgoing-0 >> POST /session HTTP/1.1
2019-04-01 21:34:32  [ Forwarding newSession on session null to remote:55 ] - [ DEBUG ]  http-outgoing-0 >> Content-Type: application/json; charset=utf-8
2019-04-01 21:34:32  [ Forwarding newSession on session null to remote:55 ] - [ DEBUG ]  http-outgoing-0 >> Content-Length: 317
2019-04-01 21:34:32  [ Forwarding newSession on session null to remote:55 ] - [ DEBUG ]  http-outgoing-0 >> Host: localhost:34631
2019-04-01 21:34:32  [ Forwarding newSession on session null to remote:56 ] - [ DEBUG ]  http-outgoing-0 >> Connection: Keep-Alive
2019-04-01 21:34:32  [ Forwarding newSession on session null to remote:57 ] - [ DEBUG ]  http-outgoing-0 >> User-Agent: Apache-HttpClient/4.5.2 (Java/1.8.0_192)
2019-04-01 21:34:32  [ Forwarding newSession on session null to remote:58 ] - [ DEBUG ]  http-outgoing-0 >> Accept-Encoding: gzip,deflate
2019-04-01 21:34:32  [ Forwarding newSession on session null to remote:58 ] - [ DEBUG ]  http-outgoing-0 >> "POST /session HTTP/1.1[\r][\n]"
2019-04-01 21:34:32  [ Forwarding newSession on session null to remote:59 ] - [ DEBUG ]  http-outgoing-0 >> "Content-Type: application/json; charset=utf-8[\r][\n]"
2019-04-01 21:34:32  [ Forwarding newSession on session null to remote:59 ] - [ DEBUG ]  http-outgoing-0 >> "Content-Length: 317[\r][\n]"
2019-04-01 21:34:32  [ Forwarding newSession on session null to remote:59 ] - [ DEBUG ]  http-outgoing-0 >> "Host: localhost:34631[\r][\n]"
2019-04-01 21:34:32  [ Forwarding newSession on session null to remote:60 ] - [ DEBUG ]  http-outgoing-0 >> "Connection: Keep-Alive[\r][\n]"
2019-04-01 21:34:32  [ Forwarding newSession on session null to remote:60 ] - [ DEBUG ]  http-outgoing-0 >> "User-Agent: Apache-HttpClient/4.5.2 (Java/1.8.0_192)[\r][\n]"
2019-04-01 21:34:32  [ Forwarding newSession on session null to remote:60 ] - [ DEBUG ]  http-outgoing-0 >> "Accept-Encoding: gzip,deflate[\r][\n]"
2019-04-01 21:34:32  [ Forwarding newSession on session null to remote:60 ] - [ DEBUG ]  http-outgoing-0 >> "[\r][\n]"
2019-04-01 21:34:32  [ Forwarding newSession on session null to remote:61 ] - [ DEBUG ]  http-outgoing-0 >> "{"capabilities": {"desiredCapabilities": {"browserName":"chrome","chromeOptions":{"args":[],"extensions":[]},"version":"","platform":"ANY"},"requiredCapabilities": {}},"desiredCapabilities": {"browserName":"chrome","chromeOptions":{"args":[],"extensions":[]},"version":"","platform":"ANY"},"requiredCapabilities": {}}"
2019-04-01 21:34:34  [ Forwarding newSession on session null to remote:1739 ] - [ DEBUG ]  http-outgoing-0 << "HTTP/1.1 200 OK[\r][\n]"
2019-04-01 21:34:34  [ Forwarding newSession on session null to remote:1742 ] - [ DEBUG ]  http-outgoing-0 << "Content-Length:975[\r][\n]"
2019-04-01 21:34:34  [ Forwarding newSession on session null to remote:1743 ] - [ DEBUG ]  http-outgoing-0 << "Content-Type:application/json; charset=utf-8[\r][\n]"
2019-04-01 21:34:34  [ Forwarding newSession on session null to remote:1743 ] - [ DEBUG ]  http-outgoing-0 << "[\r][\n]"
2019-04-01 21:34:34  [ Forwarding newSession on session null to remote:1744 ] - [ DEBUG ]  http-outgoing-0 << "{"sessionId":"4863e59460a812d52f1851fb44d68cd9","status":0,"value":{"acceptInsecureCerts":false,"acceptSslCerts":false,"applicationCacheEnabled":false,"browserConnectionEnabled":false,"browserName":"chrome","chrome":{"chromedriverVersion":"72.0.3626.7 (efcef9a3ecda02b2132af215116a03852d08b9cb)","userDataDir":"/var/folders/lm/0d_423yd5b1b8lln1f8pv5n80000gn/T/.com.google.Chrome.rVoSNQ"},"cssSelectorsEnabled":true,"databaseEnabled":false,"goog:chromeOptions":{"debuggerAddress":"localhost:49869"},"handlesAlerts":true,"hasTouchScreen":false,"javascriptEnabled":true,"locationContextEnabled":true,"mobileEmulationEnabled":false,"nativeEvents":true,"networkConnectionEnabled":false,"pageLoadStrategy":"normal","platform":"Mac OS X","proxy":{},"rotatable":false,"setWindowRect":true,"takesHeapSnapshot":true,"takesScreenshot":true,"timeouts":{"implicit":0,"pageLoad":300000,"script":30000},"unexpectedAlertBehaviour":"ignore","version":"73.0.3683.86","webStorageEnabled":true}}"
2019-04-01 21:34:34  [ Forwarding newSession on session null to remote:1753 ] - [ DEBUG ]  http-outgoing-0 << HTTP/1.1 200 OK
2019-04-01 21:34:34  [ Forwarding newSession on session null to remote:1754 ] - [ DEBUG ]  http-outgoing-0 << Content-Length:975
2019-04-01 21:34:34  [ Forwarding newSession on session null to remote:1754 ] - [ DEBUG ]  http-outgoing-0 << Content-Type:application/json; charset=utf-8
2019-04-01 21:34:34  [ Forwarding newSession on session null to remote:1764 ] - [ DEBUG ]  Connection can be kept alive indefinitely
2019-04-01 21:34:34  [ Forwarding newSession on session null to remote:1776 ] - [ DEBUG ]  Connection [id: 0][route: {}->http://localhost:34631] can be kept alive indefinitely
2019-04-01 21:34:34  [ Forwarding newSession on session null to remote:1777 ] - [ DEBUG ]  Connection released: [id: 0][route: {}->http://localhost:34631][total kept alive: 1; route allocated: 1 of 2000; total allocated: 1 of 2000]
2019-04-01 21:34:34  [ Forwarding get on session 4863e59460a812d52f1851fb44d68cd9 to remote:1890 ] - [ DEBUG ]  CookieSpec selected: default
2019-04-01 21:34:34  [ Forwarding get on session 4863e59460a812d52f1851fb44d68cd9 to remote:1890 ] - [ DEBUG ]  Auth cache not set in the context
2019-04-01 21:34:34  [ Forwarding get on session 4863e59460a812d52f1851fb44d68cd9 to remote:1891 ] - [ DEBUG ]  Connection request: [route: {}->http://localhost:34631][total kept alive: 1; route allocated: 1 of 2000; total allocated: 1 of 2000]
2019-04-01 21:34:34  [ Forwarding get on session 4863e59460a812d52f1851fb44d68cd9 to remote:1891 ] - [ DEBUG ]  Connection leased: [id: 0][route: {}->http://localhost:34631][total kept alive: 0; route allocated: 1 of 2000; total allocated: 1 of 2000]
2019-04-01 21:34:34  [ Forwarding get on session 4863e59460a812d52f1851fb44d68cd9 to remote:1891 ] - [ DEBUG ]  Stale connection check
2019-04-01 21:34:34  [ Forwarding get on session 4863e59460a812d52f1851fb44d68cd9 to remote:1905 ] - [ DEBUG ]  http-outgoing-0 << "[read] I/O error: Read timed out"
2019-04-01 21:34:34  [ Forwarding get on session 4863e59460a812d52f1851fb44d68cd9 to remote:1906 ] - [ DEBUG ]  http-outgoing-0: set socket timeout to 10800000
2019-04-01 21:34:34  [ Forwarding get on session 4863e59460a812d52f1851fb44d68cd9 to remote:1907 ] - [ DEBUG ]  Executing request POST /session/4863e59460a812d52f1851fb44d68cd9/url HTTP/1.1
2019-04-01 21:34:34  [ Forwarding get on session 4863e59460a812d52f1851fb44d68cd9 to remote:1907 ] - [ DEBUG ]  Target auth state: UNCHALLENGED
2019-04-01 21:34:34  [ Forwarding get on session 4863e59460a812d52f1851fb44d68cd9 to remote:1907 ] - [ DEBUG ]  Proxy auth state: UNCHALLENGED
2019-04-01 21:34:34  [ Forwarding get on session 4863e59460a812d52f1851fb44d68cd9 to remote:1908 ] - [ DEBUG ]  http-outgoing-0 >> POST /session/4863e59460a812d52f1851fb44d68cd9/url HTTP/1.1
2019-04-01 21:34:34  [ Forwarding get on session 4863e59460a812d52f1851fb44d68cd9 to remote:1908 ] - [ DEBUG ]  http-outgoing-0 >> Content-Type: application/json; charset=utf-8
2019-04-01 21:34:34  [ Forwarding get on session 4863e59460a812d52f1851fb44d68cd9 to remote:1909 ] - [ DEBUG ]  http-outgoing-0 >> Content-Length: 28
2019-04-01 21:34:34  [ Forwarding get on session 4863e59460a812d52f1851fb44d68cd9 to remote:1909 ] - [ DEBUG ]  http-outgoing-0 >> Host: localhost:34631
2019-04-01 21:34:34  [ Forwarding get on session 4863e59460a812d52f1851fb44d68cd9 to remote:1909 ] - [ DEBUG ]  http-outgoing-0 >> Connection: Keep-Alive
2019-04-01 21:34:34  [ Forwarding get on session 4863e59460a812d52f1851fb44d68cd9 to remote:1909 ] - [ DEBUG ]  http-outgoing-0 >> User-Agent: Apache-HttpClient/4.5.2 (Java/1.8.0_192)
2019-04-01 21:34:34  [ Forwarding get on session 4863e59460a812d52f1851fb44d68cd9 to remote:1910 ] - [ DEBUG ]  http-outgoing-0 >> Accept-Encoding: gzip,deflate
2019-04-01 21:34:34  [ Forwarding get on session 4863e59460a812d52f1851fb44d68cd9 to remote:1910 ] - [ DEBUG ]  http-outgoing-0 >> "POST /session/4863e59460a812d52f1851fb44d68cd9/url HTTP/1.1[\r][\n]"
2019-04-01 21:34:34  [ Forwarding get on session 4863e59460a812d52f1851fb44d68cd9 to remote:1911 ] - [ DEBUG ]  http-outgoing-0 >> "Content-Type: application/json; charset=utf-8[\r][\n]"
2019-04-01 21:34:34  [ Forwarding get on session 4863e59460a812d52f1851fb44d68cd9 to remote:1911 ] - [ DEBUG ]  http-outgoing-0 >> "Content-Length: 28[\r][\n]"
2019-04-01 21:34:34  [ Forwarding get on session 4863e59460a812d52f1851fb44d68cd9 to remote:1911 ] - [ DEBUG ]  http-outgoing-0 >> "Host: localhost:34631[\r][\n]"
2019-04-01 21:34:34  [ Forwarding get on session 4863e59460a812d52f1851fb44d68cd9 to remote:1912 ] - [ DEBUG ]  http-outgoing-0 >> "Connection: Keep-Alive[\r][\n]"
2019-04-01 21:34:34  [ Forwarding get on session 4863e59460a812d52f1851fb44d68cd9 to remote:1912 ] - [ DEBUG ]  http-outgoing-0 >> "User-Agent: Apache-HttpClient/4.5.2 (Java/1.8.0_192)[\r][\n]"
2019-04-01 21:34:34  [ Forwarding get on session 4863e59460a812d52f1851fb44d68cd9 to remote:1912 ] - [ DEBUG ]  http-outgoing-0 >> "Accept-Encoding: gzip,deflate[\r][\n]"
2019-04-01 21:34:34  [ Forwarding get on session 4863e59460a812d52f1851fb44d68cd9 to remote:1914 ] - [ DEBUG ]  http-outgoing-0 >> "[\r][\n]"
2019-04-01 21:34:34  [ Forwarding get on session 4863e59460a812d52f1851fb44d68cd9 to remote:1915 ] - [ DEBUG ]  http-outgoing-0 >> "{"url":"https://juejin.im/"}"
2019-04-01 21:34:41  [ Forwarding get on session 4863e59460a812d52f1851fb44d68cd9 to remote:8510 ] - [ DEBUG ]  http-outgoing-0 << "HTTP/1.1 200 OK[\r][\n]"
2019-04-01 21:34:41  [ Forwarding get on session 4863e59460a812d52f1851fb44d68cd9 to remote:8511 ] - [ DEBUG ]  http-outgoing-0 << "Content-Length:72[\r][\n]"
2019-04-01 21:34:41  [ Forwarding get on session 4863e59460a812d52f1851fb44d68cd9 to remote:8512 ] - [ DEBUG ]  http-outgoing-0 << "Content-Type:application/json; charset=utf-8[\r][\n]"
2019-04-01 21:34:41  [ Forwarding get on session 4863e59460a812d52f1851fb44d68cd9 to remote:8513 ] - [ DEBUG ]  http-outgoing-0 << "[\r][\n]"
2019-04-01 21:34:41  [ Forwarding get on session 4863e59460a812d52f1851fb44d68cd9 to remote:8513 ] - [ DEBUG ]  http-outgoing-0 << "{"sessionId":"4863e59460a812d52f1851fb44d68cd9","status":0,"value":null}"
2019-04-01 21:34:41  [ Forwarding get on session 4863e59460a812d52f1851fb44d68cd9 to remote:8541 ] - [ DEBUG ]  http-outgoing-0 << HTTP/1.1 200 OK
2019-04-01 21:34:41  [ Forwarding get on session 4863e59460a812d52f1851fb44d68cd9 to remote:8541 ] - [ DEBUG ]  http-outgoing-0 << Content-Length:72
2019-04-01 21:34:41  [ Forwarding get on session 4863e59460a812d52f1851fb44d68cd9 to remote:8542 ] - [ DEBUG ]  http-outgoing-0 << Content-Type:application/json; charset=utf-8
2019-04-01 21:34:41  [ Forwarding get on session 4863e59460a812d52f1851fb44d68cd9 to remote:8542 ] - [ DEBUG ]  Connection can be kept alive indefinitely
2019-04-01 21:34:41  [ Forwarding get on session 4863e59460a812d52f1851fb44d68cd9 to remote:8543 ] - [ DEBUG ]  Connection [id: 0][route: {}->http://localhost:34631] can be kept alive indefinitely
2019-04-01 21:34:41  [ Forwarding get on session 4863e59460a812d52f1851fb44d68cd9 to remote:8544 ] - [ DEBUG ]  Connection released: [id: 0][route: {}->http://localhost:34631][total kept alive: 1; route allocated: 1 of 2000; total allocated: 1 of 2000]
2019-04-01 21:34:41  [ Forwarding maximizeCurrentWindow on session 4863e59460a812d52f1851fb44d68cd9 to remote:8551 ] - [ DEBUG ]  CookieSpec selected: default
2019-04-01 21:34:41  [ Forwarding maximizeCurrentWindow on session 4863e59460a812d52f1851fb44d68cd9 to remote:8551 ] - [ DEBUG ]  Auth cache not set in the context
2019-04-01 21:34:41  [ Forwarding maximizeCurrentWindow on session 4863e59460a812d52f1851fb44d68cd9 to remote:8552 ] - [ DEBUG ]  Connection request: [route: {}->http://localhost:34631][total kept alive: 1; route allocated: 1 of 2000; total allocated: 1 of 2000]
2019-04-01 21:34:41  [ Forwarding maximizeCurrentWindow on session 4863e59460a812d52f1851fb44d68cd9 to remote:8552 ] - [ DEBUG ]  Connection leased: [id: 0][route: {}->http://localhost:34631][total kept alive: 0; route allocated: 1 of 2000; total allocated: 1 of 2000]
2019-04-01 21:34:41  [ Forwarding maximizeCurrentWindow on session 4863e59460a812d52f1851fb44d68cd9 to remote:8552 ] - [ DEBUG ]  Stale connection check
2019-04-01 21:34:41  [ Forwarding maximizeCurrentWindow on session 4863e59460a812d52f1851fb44d68cd9 to remote:8554 ] - [ DEBUG ]  http-outgoing-0 << "[read] I/O error: Read timed out"
2019-04-01 21:34:41  [ Forwarding maximizeCurrentWindow on session 4863e59460a812d52f1851fb44d68cd9 to remote:8555 ] - [ DEBUG ]  http-outgoing-0: set socket timeout to 10800000
2019-04-01 21:34:41  [ Forwarding maximizeCurrentWindow on session 4863e59460a812d52f1851fb44d68cd9 to remote:8555 ] - [ DEBUG ]  Executing request POST /session/4863e59460a812d52f1851fb44d68cd9/window/current/maximize HTTP/1.1
2019-04-01 21:34:41  [ Forwarding maximizeCurrentWindow on session 4863e59460a812d52f1851fb44d68cd9 to remote:8555 ] - [ DEBUG ]  Target auth state: UNCHALLENGED
2019-04-01 21:34:41  [ Forwarding maximizeCurrentWindow on session 4863e59460a812d52f1851fb44d68cd9 to remote:8555 ] - [ DEBUG ]  Proxy auth state: UNCHALLENGED
2019-04-01 21:34:41  [ Forwarding maximizeCurrentWindow on session 4863e59460a812d52f1851fb44d68cd9 to remote:8556 ] - [ DEBUG ]  http-outgoing-0 >> POST /session/4863e59460a812d52f1851fb44d68cd9/window/current/maximize HTTP/1.1
2019-04-01 21:34:41  [ Forwarding maximizeCurrentWindow on session 4863e59460a812d52f1851fb44d68cd9 to remote:8556 ] - [ DEBUG ]  http-outgoing-0 >> Content-Type: application/json; charset=utf-8
2019-04-01 21:34:41  [ Forwarding maximizeCurrentWindow on session 4863e59460a812d52f1851fb44d68cd9 to remote:8556 ] - [ DEBUG ]  http-outgoing-0 >> Content-Length: 45
2019-04-01 21:34:41  [ Forwarding maximizeCurrentWindow on session 4863e59460a812d52f1851fb44d68cd9 to remote:8556 ] - [ DEBUG ]  http-outgoing-0 >> Host: localhost:34631
2019-04-01 21:34:41  [ Forwarding maximizeCurrentWindow on session 4863e59460a812d52f1851fb44d68cd9 to remote:8557 ] - [ DEBUG ]  http-outgoing-0 >> Connection: Keep-Alive
2019-04-01 21:34:41  [ Forwarding maximizeCurrentWindow on session 4863e59460a812d52f1851fb44d68cd9 to remote:8557 ] - [ DEBUG ]  http-outgoing-0 >> User-Agent: Apache-HttpClient/4.5.2 (Java/1.8.0_192)
2019-04-01 21:34:41  [ Forwarding maximizeCurrentWindow on session 4863e59460a812d52f1851fb44d68cd9 to remote:8557 ] - [ DEBUG ]  http-outgoing-0 >> Accept-Encoding: gzip,deflate
2019-04-01 21:34:41  [ Forwarding maximizeCurrentWindow on session 4863e59460a812d52f1851fb44d68cd9 to remote:8557 ] - [ DEBUG ]  http-outgoing-0 >> "POST /session/4863e59460a812d52f1851fb44d68cd9/window/current/maximize HTTP/1.1[\r][\n]"
2019-04-01 21:34:41  [ Forwarding maximizeCurrentWindow on session 4863e59460a812d52f1851fb44d68cd9 to remote:8557 ] - [ DEBUG ]  http-outgoing-0 >> "Content-Type: application/json; charset=utf-8[\r][\n]"
2019-04-01 21:34:41  [ Forwarding maximizeCurrentWindow on session 4863e59460a812d52f1851fb44d68cd9 to remote:8558 ] - [ DEBUG ]  http-outgoing-0 >> "Content-Length: 45[\r][\n]"
2019-04-01 21:34:41  [ Forwarding maximizeCurrentWindow on session 4863e59460a812d52f1851fb44d68cd9 to remote:8558 ] - [ DEBUG ]  http-outgoing-0 >> "Host: localhost:34631[\r][\n]"
2019-04-01 21:34:41  [ Forwarding maximizeCurrentWindow on session 4863e59460a812d52f1851fb44d68cd9 to remote:8558 ] - [ DEBUG ]  http-outgoing-0 >> "Connection: Keep-Alive[\r][\n]"
2019-04-01 21:34:41  [ Forwarding maximizeCurrentWindow on session 4863e59460a812d52f1851fb44d68cd9 to remote:8558 ] - [ DEBUG ]  http-outgoing-0 >> "User-Agent: Apache-HttpClient/4.5.2 (Java/1.8.0_192)[\r][\n]"
2019-04-01 21:34:41  [ Forwarding maximizeCurrentWindow on session 4863e59460a812d52f1851fb44d68cd9 to remote:8559 ] - [ DEBUG ]  http-outgoing-0 >> "Accept-Encoding: gzip,deflate[\r][\n]"
2019-04-01 21:34:41  [ Forwarding maximizeCurrentWindow on session 4863e59460a812d52f1851fb44d68cd9 to remote:8559 ] - [ DEBUG ]  http-outgoing-0 >> "[\r][\n]"
2019-04-01 21:34:41  [ Forwarding maximizeCurrentWindow on session 4863e59460a812d52f1851fb44d68cd9 to remote:8559 ] - [ DEBUG ]  http-outgoing-0 >> "{"windowHandle":"current","handle":"current"}"
2019-04-01 21:34:41  [ Forwarding maximizeCurrentWindow on session 4863e59460a812d52f1851fb44d68cd9 to remote:8765 ] - [ DEBUG ]  http-outgoing-0 << "HTTP/1.1 200 OK[\r][\n]"
2019-04-01 21:34:41  [ Forwarding maximizeCurrentWindow on session 4863e59460a812d52f1851fb44d68cd9 to remote:8766 ] - [ DEBUG ]  http-outgoing-0 << "Content-Length:108[\r][\n]"
2019-04-01 21:34:41  [ Forwarding maximizeCurrentWindow on session 4863e59460a812d52f1851fb44d68cd9 to remote:8767 ] - [ DEBUG ]  http-outgoing-0 << "Content-Type:application/json; charset=utf-8[\r][\n]"
2019-04-01 21:34:41  [ Forwarding maximizeCurrentWindow on session 4863e59460a812d52f1851fb44d68cd9 to remote:8767 ] - [ DEBUG ]  http-outgoing-0 << "[\r][\n]"
2019-04-01 21:34:41  [ Forwarding maximizeCurrentWindow on session 4863e59460a812d52f1851fb44d68cd9 to remote:8768 ] - [ DEBUG ]  http-outgoing-0 << "{"sessionId":"4863e59460a812d52f1851fb44d68cd9","status":0,"value":{"height":709,"width":1920,"x":0,"y":23}}"
2019-04-01 21:34:41  [ Forwarding maximizeCurrentWindow on session 4863e59460a812d52f1851fb44d68cd9 to remote:8768 ] - [ DEBUG ]  http-outgoing-0 << HTTP/1.1 200 OK
2019-04-01 21:34:41  [ Forwarding maximizeCurrentWindow on session 4863e59460a812d52f1851fb44d68cd9 to remote:8768 ] - [ DEBUG ]  http-outgoing-0 << Content-Length:108
2019-04-01 21:34:41  [ Forwarding maximizeCurrentWindow on session 4863e59460a812d52f1851fb44d68cd9 to remote:8769 ] - [ DEBUG ]  http-outgoing-0 << Content-Type:application/json; charset=utf-8
2019-04-01 21:34:41  [ Forwarding maximizeCurrentWindow on session 4863e59460a812d52f1851fb44d68cd9 to remote:8769 ] - [ DEBUG ]  Connection can be kept alive indefinitely
2019-04-01 21:34:41  [ Forwarding maximizeCurrentWindow on session 4863e59460a812d52f1851fb44d68cd9 to remote:8770 ] - [ DEBUG ]  Connection [id: 0][route: {}->http://localhost:34631] can be kept alive indefinitely
2019-04-01 21:34:41  [ Forwarding maximizeCurrentWindow on session 4863e59460a812d52f1851fb44d68cd9 to remote:8770 ] - [ DEBUG ]  Connection released: [id: 0][route: {}->http://localhost:34631][total kept alive: 1; route allocated: 1 of 2000; total allocated: 1 of 2000]
2019-04-01 21:34:41  [ Forwarding setTimeout on session 4863e59460a812d52f1851fb44d68cd9 to remote:8776 ] - [ DEBUG ]  CookieSpec selected: default
2019-04-01 21:34:41  [ Forwarding setTimeout on session 4863e59460a812d52f1851fb44d68cd9 to remote:8777 ] - [ DEBUG ]  Auth cache not set in the context
2019-04-01 21:34:41  [ Forwarding setTimeout on session 4863e59460a812d52f1851fb44d68cd9 to remote:8778 ] - [ DEBUG ]  Connection request: [route: {}->http://localhost:34631][total kept alive: 1; route allocated: 1 of 2000; total allocated: 1 of 2000]
2019-04-01 21:34:41  [ Forwarding setTimeout on session 4863e59460a812d52f1851fb44d68cd9 to remote:8780 ] - [ DEBUG ]  Connection leased: [id: 0][route: {}->http://localhost:34631][total kept alive: 0; route allocated: 1 of 2000; total allocated: 1 of 2000]
2019-04-01 21:34:41  [ Forwarding setTimeout on session 4863e59460a812d52f1851fb44d68cd9 to remote:8780 ] - [ DEBUG ]  Stale connection check
2019-04-01 21:34:41  [ Forwarding setTimeout on session 4863e59460a812d52f1851fb44d68cd9 to remote:8782 ] - [ DEBUG ]  http-outgoing-0 << "[read] I/O error: Read timed out"
2019-04-01 21:34:41  [ Forwarding setTimeout on session 4863e59460a812d52f1851fb44d68cd9 to remote:8783 ] - [ DEBUG ]  http-outgoing-0: set socket timeout to 10800000
2019-04-01 21:34:41  [ Forwarding setTimeout on session 4863e59460a812d52f1851fb44d68cd9 to remote:8783 ] - [ DEBUG ]  Executing request POST /session/4863e59460a812d52f1851fb44d68cd9/timeouts HTTP/1.1
2019-04-01 21:34:41  [ Forwarding setTimeout on session 4863e59460a812d52f1851fb44d68cd9 to remote:8785 ] - [ DEBUG ]  Target auth state: UNCHALLENGED
2019-04-01 21:34:41  [ Forwarding setTimeout on session 4863e59460a812d52f1851fb44d68cd9 to remote:8786 ] - [ DEBUG ]  Proxy auth state: UNCHALLENGED
2019-04-01 21:34:41  [ Forwarding setTimeout on session 4863e59460a812d52f1851fb44d68cd9 to remote:8786 ] - [ DEBUG ]  http-outgoing-0 >> POST /session/4863e59460a812d52f1851fb44d68cd9/timeouts HTTP/1.1
2019-04-01 21:34:41  [ Forwarding setTimeout on session 4863e59460a812d52f1851fb44d68cd9 to remote:8787 ] - [ DEBUG ]  http-outgoing-0 >> Content-Type: application/json; charset=utf-8
2019-04-01 21:34:41  [ Forwarding setTimeout on session 4863e59460a812d52f1851fb44d68cd9 to remote:8787 ] - [ DEBUG ]  http-outgoing-0 >> Content-Length: 31
2019-04-01 21:34:41  [ Forwarding setTimeout on session 4863e59460a812d52f1851fb44d68cd9 to remote:8787 ] - [ DEBUG ]  http-outgoing-0 >> Host: localhost:34631
2019-04-01 21:34:41  [ Forwarding setTimeout on session 4863e59460a812d52f1851fb44d68cd9 to remote:8789 ] - [ DEBUG ]  http-outgoing-0 >> Connection: Keep-Alive
2019-04-01 21:34:41  [ Forwarding setTimeout on session 4863e59460a812d52f1851fb44d68cd9 to remote:8790 ] - [ DEBUG ]  http-outgoing-0 >> User-Agent: Apache-HttpClient/4.5.2 (Java/1.8.0_192)
2019-04-01 21:34:41  [ Forwarding setTimeout on session 4863e59460a812d52f1851fb44d68cd9 to remote:8790 ] - [ DEBUG ]  http-outgoing-0 >> Accept-Encoding: gzip,deflate
2019-04-01 21:34:41  [ Forwarding setTimeout on session 4863e59460a812d52f1851fb44d68cd9 to remote:8791 ] - [ DEBUG ]  http-outgoing-0 >> "POST /session/4863e59460a812d52f1851fb44d68cd9/timeouts HTTP/1.1[\r][\n]"
2019-04-01 21:34:41  [ Forwarding setTimeout on session 4863e59460a812d52f1851fb44d68cd9 to remote:8791 ] - [ DEBUG ]  http-outgoing-0 >> "Content-Type: application/json; charset=utf-8[\r][\n]"
2019-04-01 21:34:41  [ Forwarding setTimeout on session 4863e59460a812d52f1851fb44d68cd9 to remote:8791 ] - [ DEBUG ]  http-outgoing-0 >> "Content-Length: 31[\r][\n]"
2019-04-01 21:34:41  [ Forwarding setTimeout on session 4863e59460a812d52f1851fb44d68cd9 to remote:8792 ] - [ DEBUG ]  http-outgoing-0 >> "Host: localhost:34631[\r][\n]"
2019-04-01 21:34:41  [ Forwarding setTimeout on session 4863e59460a812d52f1851fb44d68cd9 to remote:8792 ] - [ DEBUG ]  http-outgoing-0 >> "Connection: Keep-Alive[\r][\n]"
2019-04-01 21:34:41  [ Forwarding setTimeout on session 4863e59460a812d52f1851fb44d68cd9 to remote:8793 ] - [ DEBUG ]  http-outgoing-0 >> "User-Agent: Apache-HttpClient/4.5.2 (Java/1.8.0_192)[\r][\n]"
2019-04-01 21:34:41  [ Forwarding setTimeout on session 4863e59460a812d52f1851fb44d68cd9 to remote:8793 ] - [ DEBUG ]  http-outgoing-0 >> "Accept-Encoding: gzip,deflate[\r][\n]"
2019-04-01 21:34:41  [ Forwarding setTimeout on session 4863e59460a812d52f1851fb44d68cd9 to remote:8794 ] - [ DEBUG ]  http-outgoing-0 >> "[\r][\n]"
2019-04-01 21:34:41  [ Forwarding setTimeout on session 4863e59460a812d52f1851fb44d68cd9 to remote:8794 ] - [ DEBUG ]  http-outgoing-0 >> "{"type":"page load","ms":20000}"
2019-04-01 21:34:41  [ Forwarding setTimeout on session 4863e59460a812d52f1851fb44d68cd9 to remote:8798 ] - [ DEBUG ]  http-outgoing-0 << "HTTP/1.1 200 OK[\r][\n]"
2019-04-01 21:34:41  [ Forwarding setTimeout on session 4863e59460a812d52f1851fb44d68cd9 to remote:8798 ] - [ DEBUG ]  http-outgoing-0 << "Content-Length:72[\r][\n]"
2019-04-01 21:34:41  [ Forwarding setTimeout on session 4863e59460a812d52f1851fb44d68cd9 to remote:8798 ] - [ DEBUG ]  http-outgoing-0 << "Content-Type:application/json; charset=utf-8[\r][\n]"
2019-04-01 21:34:41  [ Forwarding setTimeout on session 4863e59460a812d52f1851fb44d68cd9 to remote:8799 ] - [ DEBUG ]  http-outgoing-0 << "[\r][\n]"
2019-04-01 21:34:41  [ Forwarding setTimeout on session 4863e59460a812d52f1851fb44d68cd9 to remote:8799 ] - [ DEBUG ]  http-outgoing-0 << "{"sessionId":"4863e59460a812d52f1851fb44d68cd9","status":0,"value":null}"
2019-04-01 21:34:41  [ Forwarding setTimeout on session 4863e59460a812d52f1851fb44d68cd9 to remote:8800 ] - [ DEBUG ]  http-outgoing-0 << HTTP/1.1 200 OK
2019-04-01 21:34:41  [ Forwarding setTimeout on session 4863e59460a812d52f1851fb44d68cd9 to remote:8801 ] - [ DEBUG ]  http-outgoing-0 << Content-Length:72
2019-04-01 21:34:41  [ Forwarding setTimeout on session 4863e59460a812d52f1851fb44d68cd9 to remote:8801 ] - [ DEBUG ]  http-outgoing-0 << Content-Type:application/json; charset=utf-8
2019-04-01 21:34:41  [ Forwarding setTimeout on session 4863e59460a812d52f1851fb44d68cd9 to remote:8802 ] - [ DEBUG ]  Connection can be kept alive indefinitely
2019-04-01 21:34:41  [ Forwarding setTimeout on session 4863e59460a812d52f1851fb44d68cd9 to remote:8803 ] - [ DEBUG ]  Connection [id: 0][route: {}->http://localhost:34631] can be kept alive indefinitely
2019-04-01 21:34:41  [ Forwarding setTimeout on session 4863e59460a812d52f1851fb44d68cd9 to remote:8803 ] - [ DEBUG ]  Connection released: [id: 0][route: {}->http://localhost:34631][total kept alive: 1; route allocated: 1 of 2000; total allocated: 1 of 2000]
2019-04-01 21:34:41  [ Forwarding setTimeout on session 4863e59460a812d52f1851fb44d68cd9 to remote:8807 ] - [ DEBUG ]  CookieSpec selected: default
2019-04-01 21:34:41  [ Forwarding setTimeout on session 4863e59460a812d52f1851fb44d68cd9 to remote:8808 ] - [ DEBUG ]  Auth cache not set in the context
2019-04-01 21:34:41  [ Forwarding setTimeout on session 4863e59460a812d52f1851fb44d68cd9 to remote:8808 ] - [ DEBUG ]  Connection request: [route: {}->http://localhost:34631][total kept alive: 1; route allocated: 1 of 2000; total allocated: 1 of 2000]
2019-04-01 21:34:41  [ Forwarding setTimeout on session 4863e59460a812d52f1851fb44d68cd9 to remote:8809 ] - [ DEBUG ]  Connection leased: [id: 0][route: {}->http://localhost:34631][total kept alive: 0; route allocated: 1 of 2000; total allocated: 1 of 2000]
2019-04-01 21:34:41  [ Forwarding setTimeout on session 4863e59460a812d52f1851fb44d68cd9 to remote:8809 ] - [ DEBUG ]  Stale connection check
2019-04-01 21:34:41  [ Forwarding setTimeout on session 4863e59460a812d52f1851fb44d68cd9 to remote:8811 ] - [ DEBUG ]  http-outgoing-0 << "[read] I/O error: Read timed out"
2019-04-01 21:34:41  [ Forwarding setTimeout on session 4863e59460a812d52f1851fb44d68cd9 to remote:8812 ] - [ DEBUG ]  http-outgoing-0: set socket timeout to 10800000
2019-04-01 21:34:41  [ Forwarding setTimeout on session 4863e59460a812d52f1851fb44d68cd9 to remote:8813 ] - [ DEBUG ]  Executing request POST /session/4863e59460a812d52f1851fb44d68cd9/timeouts HTTP/1.1
2019-04-01 21:34:41  [ Forwarding setTimeout on session 4863e59460a812d52f1851fb44d68cd9 to remote:8813 ] - [ DEBUG ]  Target auth state: UNCHALLENGED
2019-04-01 21:34:41  [ Forwarding setTimeout on session 4863e59460a812d52f1851fb44d68cd9 to remote:8814 ] - [ DEBUG ]  Proxy auth state: UNCHALLENGED
2019-04-01 21:34:41  [ Forwarding setTimeout on session 4863e59460a812d52f1851fb44d68cd9 to remote:8815 ] - [ DEBUG ]  http-outgoing-0 >> POST /session/4863e59460a812d52f1851fb44d68cd9/timeouts HTTP/1.1
2019-04-01 21:34:41  [ Forwarding setTimeout on session 4863e59460a812d52f1851fb44d68cd9 to remote:8815 ] - [ DEBUG ]  http-outgoing-0 >> Content-Type: application/json; charset=utf-8
2019-04-01 21:34:41  [ Forwarding setTimeout on session 4863e59460a812d52f1851fb44d68cd9 to remote:8816 ] - [ DEBUG ]  http-outgoing-0 >> Content-Length: 30
2019-04-01 21:34:41  [ Forwarding setTimeout on session 4863e59460a812d52f1851fb44d68cd9 to remote:8816 ] - [ DEBUG ]  http-outgoing-0 >> Host: localhost:34631
2019-04-01 21:34:41  [ Forwarding setTimeout on session 4863e59460a812d52f1851fb44d68cd9 to remote:8817 ] - [ DEBUG ]  http-outgoing-0 >> Connection: Keep-Alive
2019-04-01 21:34:41  [ Forwarding setTimeout on session 4863e59460a812d52f1851fb44d68cd9 to remote:8817 ] - [ DEBUG ]  http-outgoing-0 >> User-Agent: Apache-HttpClient/4.5.2 (Java/1.8.0_192)
2019-04-01 21:34:41  [ Forwarding setTimeout on session 4863e59460a812d52f1851fb44d68cd9 to remote:8818 ] - [ DEBUG ]  http-outgoing-0 >> Accept-Encoding: gzip,deflate
2019-04-01 21:34:41  [ Forwarding setTimeout on session 4863e59460a812d52f1851fb44d68cd9 to remote:8818 ] - [ DEBUG ]  http-outgoing-0 >> "POST /session/4863e59460a812d52f1851fb44d68cd9/timeouts HTTP/1.1[\r][\n]"
2019-04-01 21:34:41  [ Forwarding setTimeout on session 4863e59460a812d52f1851fb44d68cd9 to remote:8818 ] - [ DEBUG ]  http-outgoing-0 >> "Content-Type: application/json; charset=utf-8[\r][\n]"
2019-04-01 21:34:41  [ Forwarding setTimeout on session 4863e59460a812d52f1851fb44d68cd9 to remote:8819 ] - [ DEBUG ]  http-outgoing-0 >> "Content-Length: 30[\r][\n]"
2019-04-01 21:34:41  [ Forwarding setTimeout on session 4863e59460a812d52f1851fb44d68cd9 to remote:8819 ] - [ DEBUG ]  http-outgoing-0 >> "Host: localhost:34631[\r][\n]"
2019-04-01 21:34:41  [ Forwarding setTimeout on session 4863e59460a812d52f1851fb44d68cd9 to remote:8819 ] - [ DEBUG ]  http-outgoing-0 >> "Connection: Keep-Alive[\r][\n]"
2019-04-01 21:34:41  [ Forwarding setTimeout on session 4863e59460a812d52f1851fb44d68cd9 to remote:8820 ] - [ DEBUG ]  http-outgoing-0 >> "User-Agent: Apache-HttpClient/4.5.2 (Java/1.8.0_192)[\r][\n]"
2019-04-01 21:34:41  [ Forwarding setTimeout on session 4863e59460a812d52f1851fb44d68cd9 to remote:8820 ] - [ DEBUG ]  http-outgoing-0 >> "Accept-Encoding: gzip,deflate[\r][\n]"
2019-04-01 21:34:41  [ Forwarding setTimeout on session 4863e59460a812d52f1851fb44d68cd9 to remote:8820 ] - [ DEBUG ]  http-outgoing-0 >> "[\r][\n]"
2019-04-01 21:34:41  [ Forwarding setTimeout on session 4863e59460a812d52f1851fb44d68cd9 to remote:8822 ] - [ DEBUG ]  http-outgoing-0 >> "{"type":"implicit","ms":20000}"
2019-04-01 21:34:41  [ Forwarding setTimeout on session 4863e59460a812d52f1851fb44d68cd9 to remote:8827 ] - [ DEBUG ]  http-outgoing-0 << "HTTP/1.1 200 OK[\r][\n]"
2019-04-01 21:34:41  [ Forwarding setTimeout on session 4863e59460a812d52f1851fb44d68cd9 to remote:8828 ] - [ DEBUG ]  http-outgoing-0 << "Content-Length:72[\r][\n]"
2019-04-01 21:34:41  [ Forwarding setTimeout on session 4863e59460a812d52f1851fb44d68cd9 to remote:8828 ] - [ DEBUG ]  http-outgoing-0 << "Content-Type:application/json; charset=utf-8[\r][\n]"
2019-04-01 21:34:41  [ Forwarding setTimeout on session 4863e59460a812d52f1851fb44d68cd9 to remote:8829 ] - [ DEBUG ]  http-outgoing-0 << "[\r][\n]"
2019-04-01 21:34:41  [ Forwarding setTimeout on session 4863e59460a812d52f1851fb44d68cd9 to remote:8830 ] - [ DEBUG ]  http-outgoing-0 << "{"sessionId":"4863e59460a812d52f1851fb44d68cd9","status":0,"value":null}"
2019-04-01 21:34:41  [ Forwarding setTimeout on session 4863e59460a812d52f1851fb44d68cd9 to remote:8830 ] - [ DEBUG ]  http-outgoing-0 << HTTP/1.1 200 OK
2019-04-01 21:34:41  [ Forwarding setTimeout on session 4863e59460a812d52f1851fb44d68cd9 to remote:8831 ] - [ DEBUG ]  http-outgoing-0 << Content-Length:72
2019-04-01 21:34:41  [ Forwarding setTimeout on session 4863e59460a812d52f1851fb44d68cd9 to remote:8831 ] - [ DEBUG ]  http-outgoing-0 << Content-Type:application/json; charset=utf-8
2019-04-01 21:34:41  [ Forwarding setTimeout on session 4863e59460a812d52f1851fb44d68cd9 to remote:8832 ] - [ DEBUG ]  Connection can be kept alive indefinitely
2019-04-01 21:34:41  [ Forwarding setTimeout on session 4863e59460a812d52f1851fb44d68cd9 to remote:8832 ] - [ DEBUG ]  Connection [id: 0][route: {}->http://localhost:34631] can be kept alive indefinitely
2019-04-01 21:34:41  [ Forwarding setTimeout on session 4863e59460a812d52f1851fb44d68cd9 to remote:8833 ] - [ DEBUG ]  Connection released: [id: 0][route: {}->http://localhost:34631][total kept alive: 1; route allocated: 1 of 2000; total allocated: 1 of 2000]
